<?xml version="1.0" encoding="UTF-8"?>
<!-- Generated by org.testng.reporters.JUnitReportReporter -->
<testsuite hostname="Rihyant" failures="0" tests="5" name="testcases.TC_VideoGameAPI" time="2.780" errors="0" timestamp="2023-10-22T17:52:49 EDT" skipped="0">
  <testcase classname="testcases.TC_VideoGameAPI" name="test_getAllVideoGames" time="1.096"/>
  <system-out/>
  <testcase classname="testcases.TC_VideoGameAPI" name="test_addVIdeoGame" time="0.498"/>
  <system-out/>
  <testcase classname="testcases.TC_VideoGameAPI" name="test_getVideoGame" time="0.577"/>
  <system-out/>
  <testcase classname="testcases.TC_VideoGameAPI" name="test_updateVideoGame" time="0.364"/>
  <system-out/>
  <testcase classname="testcases.TC_VideoGameAPI" name="test_deleteVideoGame" time="0.245"/>
  <system-out/>
</testsuite> <!-- testcases.TC_VideoGameAPI -->
